<?xml version="1.0" encoding="UTF-8"?>
<testsuite xmlns:xsi="http://www.w3.org/2001/XMLSchema-instance" xsi:noNamespaceSchemaLocation="https://maven.apache.org/surefire/maven-surefire-plugin/xsd/surefire-test-report-3.0.xsd" version="3.0" name="TestSuite" time="23.963" tests="9" errors="0" skipped="0" failures="0">
  <properties>
[...]
</properties>
  <testcase name="positiveTesttastyAPIAutoComplete" classname="APITesting" time="3.114">
    <system-out><![CDATA[[TestNGContentHandler] [WARN] It is strongly recommended to add "<!DOCTYPE suite SYSTEM "http://testng.org/testng-1.0.dtd" >" at the top of your file, otherwise TestNG may fail or not work as expected.
]]></system-out>
  </testcase>
  <testcase name="negativeTestTastyAPIAutoCompleteWrongParam" classname="APITesting" time="1.135"/>
  <testcase name="negativeTestTastyAPIAutoCompleteHoHeaderKey" classname="APITesting" time="0.604"/>
  <testcase name="positiveTestTastyAPIRecipeList" classname="APITesting" time="4.775"/>
  <testcase name="negativeTestTastyAPIRecipeHoHeaderKey" classname="APITesting" time="0.611"/>
  <testcase name="positiveTestListSimilarities" classname="APITesting" time="3.472"/>
  <testcase name="negativeTestListSimilaritiesWrongRecipeIDParam" classname="APITesting" time="2.111"/>
  <testcase name="positiveTestTipList" classname="APITesting" time="1.677"/>
  <testcase name="negativeTestTipListWrongParam" classname="APITesting" time="1.075"/>
</testsuite>